<?xml version="1.0" encoding="UTF-8"?>
<!-- Generated by org.testng.reporters.JUnitXMLReporter -->
<testsuite ignored="0" hostname="DESKTOP-2AN8CB2" failures="0" tests="3" name="Default test" time="181.642" errors="0" timestamp="2023-04-11T15:02:56 IST">
  <testcase classname="flightsMain.OneWayPgOne" name="roundTrip" time="42.897"/>
  <testcase classname="flightsMain.OneWayPgOne" name="roundTrip" time="66.448"/>
  <testcase classname="flightsMain.OneWayPgOne" name="roundTrip" time="41.445"/>
</testsuite> <!-- Default test -->
