<?xml version="1.0" encoding="UTF-8"?>
<testng-results ignored="0" total="1" passed="1" failed="0" skipped="0">
  <reporter-output>
  </reporter-output>
  <suite started-at="2023-04-06T19:15:20 IST" name="Default suite" finished-at="2023-04-06T19:15:45 IST" duration-ms="25006">
    <groups>
    </groups>
    <test started-at="2023-04-06T19:15:20 IST" name="Default test" finished-at="2023-04-06T19:15:45 IST" duration-ms="25006">
      <class name="flightsMain.OneWayPgOne">
        <test-method is-config="true" signature="beforeTest()[pri:0, instance:flightsMain.OneWayPgOne@4d154ccd]" started-at="2023-04-06T19:15:20 IST" name="beforeTest" finished-at="2023-04-06T19:15:20 IST" duration-ms="321" status="PASS">
          <reporter-output>
          </reporter-output>
        </test-method> <!-- beforeTest -->
        <test-method is-config="true" signature="beforeMethod()[pri:0, instance:flightsMain.OneWayPgOne@4d154ccd]" started-at="2023-04-06T19:15:21 IST" name="beforeMethod" finished-at="2023-04-06T19:15:28 IST" duration-ms="6298" status="PASS">
          <reporter-output>
          </reporter-output>
        </test-method> <!-- beforeMethod -->
        <test-method signature="roundTrip(java.lang.String,java.lang.String,java.lang.String,java.lang.String,java.lang.String,java.lang.String,java.lang.String,java.lang.String,java.lang.String)[pri:0, instance:flightsMain.OneWayPgOne@4d154ccd]" started-at="2023-04-06T19:15:28 IST" name="roundTrip" data-provider="dp" finished-at="2023-04-06T19:15:43 IST" duration-ms="15809" status="PASS">
          <params>
            <param index="0">
              <value>
                <![CDATA[1]]>
              </value>
            </param>
            <param index="1">
              <value>
                <![CDATA[Pune]]>
              </value>
            </param>
            <param index="2">
              <value>
                <![CDATA[Delhi]]>
              </value>
            </param>
            <param index="3">
              <value>
                <![CDATA[23-July-2023]]>
              </value>
            </param>
            <param index="4">
              <value>
                <![CDATA[3]]>
              </value>
            </param>
            <param index="5">
              <value>
                <![CDATA[2]]>
              </value>
            </param>
            <param index="6">
              <value>
                <![CDATA[2]]>
              </value>
            </param>
            <param index="7">
              <value>
                <![CDATA[Premium]]>
              </value>
            </param>
            <param index="8">
              <value>
                <![CDATA[Regular]]>
              </value>
            </param>
          </params>
          <reporter-output>
          </reporter-output>
        </test-method> <!-- roundTrip -->
        <test-method is-config="true" signature="afterMethod(org.testng.ITestResult)[pri:0, instance:flightsMain.OneWayPgOne@4d154ccd]" started-at="2023-04-06T19:15:43 IST" name="afterMethod" finished-at="2023-04-06T19:15:44 IST" duration-ms="327" status="PASS">
          <params>
            <param index="0">
              <value>
                <![CDATA[[TestResult name=roundTrip status=SUCCESS method=OneWayPgOne.roundTrip(java.lang.String,java.lang.String,java.lang.String,java.lang.String,java.lang.String,java.lang.String,java.lang.String,java.lang.String,java.lang.String)[pri:0, instance:flightsMain.OneWayPgOne@4d154ccd] output={null}]]]>
              </value>
            </param>
          </params>
          <reporter-output>
          </reporter-output>
        </test-method> <!-- afterMethod -->
        <test-method is-config="true" signature="afterTest()[pri:0, instance:flightsMain.OneWayPgOne@4d154ccd]" started-at="2023-04-06T19:15:44 IST" name="afterTest" finished-at="2023-04-06T19:15:45 IST" duration-ms="1155" status="PASS">
          <reporter-output>
          </reporter-output>
        </test-method> <!-- afterTest -->
      </class> <!-- flightsMain.OneWayPgOne -->
    </test> <!-- Default test -->
  </suite> <!-- Default suite -->
</testng-results>
